2025-03-26 10:38:04,055 CRIT Supervisor is running as root.  Privileges were not dropped because no user is specified in the config file.  If you intend to run as root, you can set user=root in the config file to avoid this message.
2025-03-26 10:38:04,058 INFO supervisord started with pid 1
2025-03-26 10:38:05,060 INFO spawned: 'nginx' with pid 23
2025-03-26 10:38:05,062 INFO spawned: 'php-fpm' with pid 24
2025-03-26 10:38:06,123 INFO success: nginx entered RUNNING state, process has stayed up for > than 1 seconds (startsecs)
2025-03-26 10:38:06,123 INFO success: php-fpm entered RUNNING state, process has stayed up for > than 1 seconds (startsecs)
2025-03-28 10:46:50,348 CRIT Supervisor is running as root.  Privileges were not dropped because no user is specified in the config file.  If you intend to run as root, you can set user=root in the config file to avoid this message.
2025-03-28 10:46:50,350 INFO supervisord started with pid 1
2025-03-28 10:46:51,352 INFO spawned: 'nginx' with pid 22
2025-03-28 10:46:51,353 INFO spawned: 'php-fpm' with pid 23
2025-03-28 10:46:52,390 INFO success: nginx entered RUNNING state, process has stayed up for > than 1 seconds (startsecs)
2025-03-28 10:46:52,390 INFO success: php-fpm entered RUNNING state, process has stayed up for > than 1 seconds (startsecs)
2025-03-28 21:03:40,597 WARN received SIGQUIT indicating exit request
2025-03-28 21:03:40,725 INFO waiting for nginx, php-fpm to die
2025-03-28 21:03:41,184 INFO stopped: php-fpm (exit status 0)
2025-03-28 21:03:41,324 INFO stopped: nginx (exit status 0)
2025-03-29 12:02:19,423 CRIT Supervisor is running as root.  Privileges were not dropped because no user is specified in the config file.  If you intend to run as root, you can set user=root in the config file to avoid this message.
2025-03-29 12:02:19,426 INFO supervisord started with pid 1
2025-03-29 12:02:20,432 INFO spawned: 'nginx' with pid 23
2025-03-29 12:02:20,435 INFO spawned: 'php-fpm' with pid 24
2025-03-29 12:02:21,506 INFO success: nginx entered RUNNING state, process has stayed up for > than 1 seconds (startsecs)
2025-03-29 12:02:21,506 INFO success: php-fpm entered RUNNING state, process has stayed up for > than 1 seconds (startsecs)
2025-03-30 16:06:12,198 CRIT Supervisor is running as root.  Privileges were not dropped because no user is specified in the config file.  If you intend to run as root, you can set user=root in the config file to avoid this message.
2025-03-30 16:06:12,201 INFO supervisord started with pid 1
2025-03-30 16:06:13,209 INFO spawned: 'nginx' with pid 23
2025-03-30 16:06:13,212 INFO spawned: 'php-fpm' with pid 24
2025-03-30 16:06:14,292 INFO success: nginx entered RUNNING state, process has stayed up for > than 1 seconds (startsecs)
2025-03-30 16:06:14,293 INFO success: php-fpm entered RUNNING state, process has stayed up for > than 1 seconds (startsecs)
2025-04-02 10:02:46,730 CRIT Supervisor is running as root.  Privileges were not dropped because no user is specified in the config file.  If you intend to run as root, you can set user=root in the config file to avoid this message.
2025-04-02 10:02:46,733 INFO supervisord started with pid 1
2025-04-02 10:02:47,735 INFO spawned: 'nginx' with pid 22
2025-04-02 10:02:47,737 INFO spawned: 'php-fpm' with pid 23
2025-04-02 10:02:48,769 INFO success: nginx entered RUNNING state, process has stayed up for > than 1 seconds (startsecs)
2025-04-02 10:02:48,769 INFO success: php-fpm entered RUNNING state, process has stayed up for > than 1 seconds (startsecs)
2025-04-04 11:00:35,983 CRIT Supervisor is running as root.  Privileges were not dropped because no user is specified in the config file.  If you intend to run as root, you can set user=root in the config file to avoid this message.
2025-04-04 11:00:35,986 INFO supervisord started with pid 1
2025-04-04 11:00:36,989 INFO spawned: 'nginx' with pid 24
2025-04-04 11:00:36,992 INFO spawned: 'php-fpm' with pid 25
2025-04-04 11:00:38,023 INFO success: nginx entered RUNNING state, process has stayed up for > than 1 seconds (startsecs)
2025-04-04 11:00:38,024 INFO success: php-fpm entered RUNNING state, process has stayed up for > than 1 seconds (startsecs)
2025-04-04 21:04:54,569 WARN received SIGQUIT indicating exit request
2025-04-04 21:04:54,897 INFO waiting for nginx, php-fpm to die
2025-04-04 21:04:55,813 INFO stopped: php-fpm (exit status 0)
2025-04-04 21:04:55,981 INFO stopped: nginx (exit status 0)
2025-04-07 10:43:15,537 CRIT Supervisor is running as root.  Privileges were not dropped because no user is specified in the config file.  If you intend to run as root, you can set user=root in the config file to avoid this message.
2025-04-07 10:43:15,539 INFO supervisord started with pid 1
2025-04-07 10:43:16,543 INFO spawned: 'nginx' with pid 23
2025-04-07 10:43:16,544 INFO spawned: 'php-fpm' with pid 24
2025-04-07 10:43:17,757 INFO success: nginx entered RUNNING state, process has stayed up for > than 1 seconds (startsecs)
2025-04-07 10:43:17,757 INFO success: php-fpm entered RUNNING state, process has stayed up for > than 1 seconds (startsecs)
2025-04-07 20:57:38,846 WARN received SIGQUIT indicating exit request
2025-04-07 20:57:39,129 INFO waiting for nginx, php-fpm to die
2025-04-07 20:57:39,483 INFO stopped: php-fpm (exit status 0)
2025-04-07 20:57:39,616 INFO stopped: nginx (exit status 0)
2025-04-08 10:47:21,259 CRIT Supervisor is running as root.  Privileges were not dropped because no user is specified in the config file.  If you intend to run as root, you can set user=root in the config file to avoid this message.
2025-04-08 10:47:21,262 INFO supervisord started with pid 1
2025-04-08 10:47:22,265 INFO spawned: 'nginx' with pid 22
2025-04-08 10:47:22,267 INFO spawned: 'php-fpm' with pid 23
2025-04-08 10:47:23,307 INFO success: nginx entered RUNNING state, process has stayed up for > than 1 seconds (startsecs)
2025-04-08 10:47:23,307 INFO success: php-fpm entered RUNNING state, process has stayed up for > than 1 seconds (startsecs)
2025-04-08 20:58:44,424 WARN received SIGQUIT indicating exit request
2025-04-08 20:58:44,425 INFO waiting for nginx, php-fpm to die
2025-04-08 20:58:45,452 INFO stopped: php-fpm (exit status 0)
2025-04-08 20:58:45,455 INFO stopped: nginx (exit status 0)
2025-04-09 10:52:57,276 CRIT Supervisor is running as root.  Privileges were not dropped because no user is specified in the config file.  If you intend to run as root, you can set user=root in the config file to avoid this message.
2025-04-09 10:52:57,278 INFO supervisord started with pid 1
2025-04-09 10:52:58,280 INFO spawned: 'nginx' with pid 22
2025-04-09 10:52:58,281 INFO spawned: 'php-fpm' with pid 23
2025-04-09 10:52:59,302 INFO success: nginx entered RUNNING state, process has stayed up for > than 1 seconds (startsecs)
2025-04-09 10:52:59,302 INFO success: php-fpm entered RUNNING state, process has stayed up for > than 1 seconds (startsecs)
2025-04-15 10:55:45,378 CRIT Supervisor is running as root.  Privileges were not dropped because no user is specified in the config file.  If you intend to run as root, you can set user=root in the config file to avoid this message.
2025-04-15 10:55:45,382 INFO supervisord started with pid 1
2025-04-15 10:55:46,384 INFO spawned: 'nginx' with pid 22
2025-04-15 10:55:46,386 INFO spawned: 'php-fpm' with pid 23
2025-04-15 10:55:47,419 INFO success: nginx entered RUNNING state, process has stayed up for > than 1 seconds (startsecs)
2025-04-15 10:55:47,419 INFO success: php-fpm entered RUNNING state, process has stayed up for > than 1 seconds (startsecs)
2025-04-15 21:04:31,122 WARN received SIGQUIT indicating exit request
2025-04-15 21:04:31,387 INFO waiting for nginx, php-fpm to die
2025-04-15 21:04:32,149 INFO stopped: php-fpm (exit status 0)
2025-04-15 21:04:32,270 INFO stopped: nginx (exit status 0)
2025-04-16 10:40:00,726 CRIT Supervisor is running as root.  Privileges were not dropped because no user is specified in the config file.  If you intend to run as root, you can set user=root in the config file to avoid this message.
2025-04-16 10:40:00,729 INFO supervisord started with pid 1
2025-04-16 10:40:01,731 INFO spawned: 'nginx' with pid 23
2025-04-16 10:40:01,732 INFO spawned: 'php-fpm' with pid 24
2025-04-16 10:40:02,760 INFO success: nginx entered RUNNING state, process has stayed up for > than 1 seconds (startsecs)
2025-04-16 10:40:02,760 INFO success: php-fpm entered RUNNING state, process has stayed up for > than 1 seconds (startsecs)
2025-04-16 21:00:04,339 WARN received SIGQUIT indicating exit request
2025-04-16 21:00:04,589 INFO waiting for nginx, php-fpm to die
2025-04-16 21:00:05,285 INFO stopped: php-fpm (exit status 0)
2025-04-16 21:00:05,425 INFO stopped: nginx (exit status 0)
2025-04-17 10:51:03,810 CRIT Supervisor is running as root.  Privileges were not dropped because no user is specified in the config file.  If you intend to run as root, you can set user=root in the config file to avoid this message.
2025-04-17 10:51:03,812 INFO supervisord started with pid 1
2025-04-17 10:51:04,814 INFO spawned: 'nginx' with pid 23
2025-04-17 10:51:04,816 INFO spawned: 'php-fpm' with pid 24
2025-04-17 10:51:05,849 INFO success: nginx entered RUNNING state, process has stayed up for > than 1 seconds (startsecs)
2025-04-17 10:51:05,849 INFO success: php-fpm entered RUNNING state, process has stayed up for > than 1 seconds (startsecs)
2025-04-17 13:45:51,678 WARN received SIGQUIT indicating exit request
2025-04-17 13:45:51,678 INFO waiting for nginx, php-fpm to die
2025-04-17 13:45:52,690 INFO stopped: php-fpm (exit status 0)
2025-04-17 13:45:52,692 INFO stopped: nginx (exit status 0)
2025-04-17 16:42:48,564 CRIT Supervisor is running as root.  Privileges were not dropped because no user is specified in the config file.  If you intend to run as root, you can set user=root in the config file to avoid this message.
2025-04-17 16:42:48,567 INFO supervisord started with pid 1
2025-04-17 16:42:49,570 INFO spawned: 'nginx' with pid 23
2025-04-17 16:42:49,576 INFO spawned: 'php-fpm' with pid 24
2025-04-17 16:42:50,632 INFO success: nginx entered RUNNING state, process has stayed up for > than 1 seconds (startsecs)
2025-04-17 16:42:50,633 INFO success: php-fpm entered RUNNING state, process has stayed up for > than 1 seconds (startsecs)
2025-04-17 16:53:06,258 WARN received SIGQUIT indicating exit request
2025-04-17 16:53:06,258 INFO waiting for nginx, php-fpm to die
2025-04-17 16:53:07,275 INFO stopped: php-fpm (exit status 0)
2025-04-17 16:53:07,277 INFO stopped: nginx (exit status 0)
2025-04-17 16:54:01,258 CRIT Supervisor is running as root.  Privileges were not dropped because no user is specified in the config file.  If you intend to run as root, you can set user=root in the config file to avoid this message.
2025-04-17 16:54:01,262 INFO supervisord started with pid 1
2025-04-17 16:54:02,264 INFO spawned: 'nginx' with pid 23
2025-04-17 16:54:02,266 INFO spawned: 'php-fpm' with pid 24
2025-04-17 16:54:03,317 INFO success: nginx entered RUNNING state, process has stayed up for > than 1 seconds (startsecs)
2025-04-17 16:54:03,317 INFO success: php-fpm entered RUNNING state, process has stayed up for > than 1 seconds (startsecs)
2025-04-22 09:55:16,301 CRIT Supervisor is running as root.  Privileges were not dropped because no user is specified in the config file.  If you intend to run as root, you can set user=root in the config file to avoid this message.
2025-04-22 09:55:16,312 INFO supervisord started with pid 1
2025-04-22 09:55:17,316 INFO spawned: 'nginx' with pid 23
2025-04-22 09:55:17,322 INFO spawned: 'php-fpm' with pid 24
2025-04-22 09:55:18,406 INFO success: nginx entered RUNNING state, process has stayed up for > than 1 seconds (startsecs)
2025-04-22 09:55:18,406 INFO success: php-fpm entered RUNNING state, process has stayed up for > than 1 seconds (startsecs)
